::1 - D4$%@5%%#0360##(o@$9qa*w8p28t#@8@ [20/Oct/2022:11:37:19 +0000] "POST /initialise HTTP/1.1" 200 461 "-" "PostmanRuntime/7.29.2"
::1 - D4$%@5%%#0360##(o@$9qa*w8p28t#@8@ [20/Oct/2022:11:51:46 +0000] "POST /initialise HTTP/1.1" 200 94 "-" "PostmanRuntime/7.29.2"
::1 - D4$%@5%%#0360##(o@$9qa*w8p28t#@8@ [20/Oct/2022:11:52:41 +0000] "POST /initialise HTTP/1.1" 200 94 "-" "PostmanRuntime/7.29.2"
::1 - D4$%@5%%#0360##(o@$9qa*w8p28t#@8@ [20/Oct/2022:11:53:45 +0000] "POST /initialise HTTP/1.1" 200 558 "-" "PostmanRuntime/7.29.2"
::1 - D4$%@5%%#0360##(o@$9qa*w8p28t#@8@ [20/Oct/2022:12:11:25 +0000] "POST /initialise HTTP/1.1" 200 205 "-" "PostmanRuntime/7.29.2"
::1 - D4$%@5%%#0360##(o@$9qa*w8p28t#@8@ [20/Oct/2022:12:13:24 +0000] "POST /initialise HTTP/1.1" 404 38 "-" "PostmanRuntime/7.29.2"
::1 - D4$%@5%%#0360##(o@$9qa*w8p28t#@8@ [20/Oct/2022:12:26:54 +0000] "POST /initialise HTTP/1.1" 200 128 "-" "PostmanRuntime/7.29.2"
::1 - - [21/Oct/2022:14:18:00 +0000] "POST /update-record HTTP/1.1" 200 466 "-" "PostmanRuntime/7.29.2"
::1 - - [21/Oct/2022:14:19:11 +0000] "POST /update-record HTTP/1.1" 200 466 "-" "PostmanRuntime/7.29.2"
::1 - - [21/Oct/2022:14:21:58 +0000] "POST /update-record HTTP/1.1" 200 466 "-" "PostmanRuntime/7.29.2"
::1 - - [21/Oct/2022:14:22:25 +0000] "POST /update-record HTTP/1.1" 200 466 "-" "PostmanRuntime/7.29.2"
::1 - - [21/Oct/2022:14:22:56 +0000] "POST /update-record HTTP/1.1" 200 2 "-" "PostmanRuntime/7.29.2"
::1 - - [21/Oct/2022:14:33:22 +0000] "POST /update-record HTTP/1.1" 200 30 "-" "PostmanRuntime/7.29.2"
::1 - - [21/Oct/2022:21:21:33 +0000] "GET /history/9NfmTsFp- HTTP/1.1" 200 2928 "-" "PostmanRuntime/7.29.2"
::1 - - [21/Oct/2022:21:22:06 +0000] "GET /history/9NfmTsFp- HTTP/1.1" 200 2928 "-" "PostmanRuntime/7.29.2"
::1 - - [21/Oct/2022:21:30:58 +0000] "POST /withdraw HTTP/1.1" 200 350 "-" "PostmanRuntime/7.29.2"
::1 - - [21/Oct/2022:21:34:17 +0000] "POST /withdraw HTTP/1.1" 200 350 "-" "PostmanRuntime/7.29.2"
::1 - - [21/Oct/2022:21:39:41 +0000] "POST /withdraw HTTP/1.1" 200 350 "-" "PostmanRuntime/7.29.2"
::1 - - [21/Oct/2022:21:42:27 +0000] "POST /withdraw HTTP/1.1" 200 379 "-" "PostmanRuntime/7.29.2"
::1 - - [21/Oct/2022:21:48:41 +0000] "POST /withdraw HTTP/1.1" 200 379 "-" "PostmanRuntime/7.29.2"
::1 - - [21/Oct/2022:21:51:54 +0000] "POST /withdraw HTTP/1.1" 200 261 "-" "PostmanRuntime/7.29.2"
::1 - - [21/Oct/2022:21:52:42 +0000] "POST /withdraw HTTP/1.1" 400 180 "-" "PostmanRuntime/7.29.2"
::1 - - [24/Oct/2022:07:14:31 +0000] "POST /staff/login HTTP/1.1" 404 38 "-" "PostmanRuntime/7.29.2"
::1 - - [24/Oct/2022:11:32:29 +0000] "POST /withdraw HTTP/1.1" 200 2036 "-" "PostmanRuntime/7.29.2"
::1 - - [24/Oct/2022:11:35:12 +0000] "POST /withdraw HTTP/1.1" 200 94 "-" "PostmanRuntime/7.29.2"
::1 - - [24/Oct/2022:11:37:08 +0000] "POST /withdraw HTTP/1.1" 200 94 "-" "PostmanRuntime/7.29.2"
::1 - - [24/Oct/2022:11:40:11 +0000] "POST /withdraw HTTP/1.1" 200 94 "-" "PostmanRuntime/7.29.2"
::1 - - [24/Oct/2022:11:51:02 +0000] "POST /withdraw HTTP/1.1" 200 45 "-" "PostmanRuntime/7.29.2"
::1 - D4$%@5%%#0360##(o@$9qa*w8p28t#@8@ [25/Oct/2022:10:28:11 +0000] "POST /initialise HTTP/1.1" - - "-" "PostmanRuntime/7.29.2"
::1 - - [26/Oct/2022:11:52:05 +0000] "GET /history/9NfmTsFp- HTTP/1.1" 200 1543 "-" "PostmanRuntime/7.29.2"
::1 - - [26/Oct/2022:11:57:08 +0000] "GET /history/9NfmTsFp- HTTP/1.1" 200 4691 "-" "PostmanRuntime/7.29.2"
::1 - - [15/Dec/2022:12:19:55 +0000] "POST /register HTTP/1.1" 400 191 "-" "PostmanRuntime/7.29.2"
::1 - - [15/Dec/2022:12:20:26 +0000] "POST /register HTTP/1.1" 400 191 "-" "PostmanRuntime/7.29.2"
::1 - - [15/Dec/2022:12:22:52 +0000] "POST /register HTTP/1.1" 400 191 "-" "PostmanRuntime/7.29.2"
::1 - - [15/Dec/2022:12:23:55 +0000] "POST /register HTTP/1.1" 400 155 "-" "PostmanRuntime/7.29.2"
::1 - - [15/Dec/2022:12:24:14 +0000] "POST /register HTTP/1.1" 400 155 "-" "PostmanRuntime/7.29.2"
::1 - - [15/Dec/2022:12:24:25 +0000] "POST /register HTTP/1.1" 400 155 "-" "PostmanRuntime/7.29.2"
::1 - - [15/Dec/2022:12:25:19 +0000] "POST /register HTTP/1.1" 200 1226 "-" "PostmanRuntime/7.29.2"
::1 - - [15/Dec/2022:12:26:54 +0000] "POST /register HTTP/1.1" 200 1226 "-" "PostmanRuntime/7.29.2"
::1 - - [15/Dec/2022:12:28:18 +0000] "POST /register HTTP/1.1" 200 149 "-" "PostmanRuntime/7.29.2"
::1 - - [15/Dec/2022:12:29:39 +0000] "POST /login HTTP/1.1" 400 156 "-" "PostmanRuntime/7.29.2"
::1 - - [15/Dec/2022:12:30:43 +0000] "POST /login HTTP/1.1" 200 114 "-" "PostmanRuntime/7.29.2"
::1 - - [15/Dec/2022:12:31:46 +0000] "POST /register HTTP/1.1" 200 1224 "-" "PostmanRuntime/7.29.2"
::1 - - [15/Dec/2022:12:35:27 +0000] "POST /register HTTP/1.1" 200 181 "-" "PostmanRuntime/7.29.2"
::1 - - [15/Dec/2022:12:35:49 +0000] "POST /login HTTP/1.1" 200 114 "-" "PostmanRuntime/7.29.2"
::1 - - [15/Dec/2022:12:37:05 +0000] "POST /login HTTP/1.1" 200 181 "-" "PostmanRuntime/7.29.2"
::1 - - [15/Dec/2022:12:37:37 +0000] "POST /login HTTP/1.1" 200 114 "-" "PostmanRuntime/7.29.2"
::1 - - [15/Dec/2022:12:42:49 +0000] "POST /login HTTP/1.1" 200 84 "-" "PostmanRuntime/7.29.2"
::1 - - [15/Dec/2022:12:43:01 +0000] "POST /login HTTP/1.1" 200 181 "-" "PostmanRuntime/7.29.2"
::1 - - [15/Dec/2022:12:44:50 +0000] "GET /profile HTTP/1.1" 200 190 "-" "PostmanRuntime/7.29.2"
::1 - - [15/Dec/2022:12:47:44 +0000] "POST /profile HTTP/1.1" 200 212 "-" "PostmanRuntime/7.29.2"
::1 - - [15/Dec/2022:12:48:17 +0000] "POST /profile HTTP/1.1" 200 212 "-" "PostmanRuntime/7.29.2"
::1 - - [15/Dec/2022:12:48:29 +0000] "GET /profile HTTP/1.1" 200 212 "-" "PostmanRuntime/7.29.2"
::1 - - [15/Dec/2022:13:07:58 +0000] "POST /profile HTTP/1.1" 200 226 "-" "PostmanRuntime/7.29.2"
::1 - - [15/Dec/2022:13:08:26 +0000] "GET /profile HTTP/1.1" 200 226 "-" "PostmanRuntime/7.29.2"
